<?xml version="1.0" encoding="UTF-8"?>
<!-- Generated by org.testng.reporters.JUnitReportReporter -->
<testsuite hostname="LAPTOP-1GL4P20O" failures="0" tests="1" name="chetanDemo.Chetan" time="3.403" errors="0" timestamp="2025-07-23T14:34:52 IST" skipped="0">
  <testcase classname="chetanDemo.Chetan" name="fillMandatoryFields" time="3.403"/>
</testsuite> <!-- chetanDemo.Chetan -->
