<?xml version="1.0" encoding="UTF-8"?>
<!-- Generated by org.testng.reporters.JUnitReportReporter -->
<testsuite hostname="LAPTOP-1GL4P20O" failures="0" tests="1" name="chetanDemo.TC004" time="6.327" errors="0" timestamp="2025-07-27T12:29:00 IST" skipped="0">
  <testcase classname="chetanDemo.TC004" name="verifyRegistrationWithoutFillingMandatoryFields" time="6.327"/>
</testsuite> <!-- chetanDemo.TC004 -->
